<?xml version="1.0" encoding="UTF-8"?>
<testng-results ignored="0" total="2" passed="2" failed="0" skipped="0">
  <reporter-output>
  </reporter-output>
  <suite started-at="2022-12-15T09:17:44 IST" name="Suite" finished-at="2022-12-15T09:18:14 IST" duration-ms="29916">
    <groups>
    </groups>
    <test started-at="2022-12-15T09:17:44 IST" name="Test" finished-at="2022-12-15T09:18:14 IST" duration-ms="29916">
      <class name="TestcasesDemoMaven.LoginTestDemoMaven">
        <test-method signature="Loginpage()[pri:0, instance:TestcasesDemoMaven.LoginTestDemoMaven@57d7f8ca]" started-at="2022-12-15T09:17:44 IST" name="Loginpage" finished-at="2022-12-15T09:17:51 IST" duration-ms="6411" status="PASS">
          <reporter-output>
          </reporter-output>
        </test-method> <!-- Loginpage -->
      </class> <!-- TestcasesDemoMaven.LoginTestDemoMaven -->
      <class name="TestcasesDemoMaven.SignUpDemoMaven">
        <test-method signature="SignUpPage()[pri:0, instance:TestcasesDemoMaven.SignUpDemoMaven@2b91004a]" started-at="2022-12-15T09:17:51 IST" name="SignUpPage" finished-at="2022-12-15T09:18:14 IST" duration-ms="23443" status="PASS">
          <reporter-output>
          </reporter-output>
        </test-method> <!-- SignUpPage -->
      </class> <!-- TestcasesDemoMaven.SignUpDemoMaven -->
    </test> <!-- Test -->
  </suite> <!-- Suite -->
</testng-results>
