<?xml version="1.0" encoding="UTF-8"?>
<testng-results ignored="0" total="1" passed="1" failed="0" skipped="0">
  <reporter-output>
  </reporter-output>
  <suite started-at="2022-12-15T13:00:12 IST" name="Default suite" finished-at="2022-12-15T13:00:24 IST" duration-ms="12332">
    <groups>
    </groups>
    <test started-at="2022-12-15T13:00:12 IST" name="Default test" finished-at="2022-12-15T13:00:24 IST" duration-ms="12332">
      <class name="TestcasesDemoMaven.LoginTestDemoMaven">
        <test-method signature="Loginpage()[pri:0, instance:TestcasesDemoMaven.LoginTestDemoMaven@581ac8a8]" started-at="2022-12-15T13:00:12 IST" name="Loginpage" finished-at="2022-12-15T13:00:24 IST" duration-ms="12293" status="PASS">
          <reporter-output>
          </reporter-output>
        </test-method> <!-- Loginpage -->
      </class> <!-- TestcasesDemoMaven.LoginTestDemoMaven -->
    </test> <!-- Default test -->
  </suite> <!-- Default suite -->
</testng-results>
